<?xml version="1.0" encoding="UTF-8"?>
<testng-results skipped="0" failed="0" total="3" passed="3">
  <reporter-output>
  </reporter-output>
  <suite name="Default suite" duration-ms="20775" started-at="2019-03-26T06:50:57Z" finished-at="2019-03-26T06:51:17Z">
    <groups>
    </groups>
    <test name="Default test" duration-ms="20775" started-at="2019-03-26T06:50:57Z" finished-at="2019-03-26T06:51:17Z">
      <class name="appium.Calculator">
        <test-method status="PASS" signature="setUp()[pri:0, instance:appium.Calculator@4678c730]" name="setUp" is-config="true" duration-ms="12252" started-at="2019-03-26T12:20:57Z" finished-at="2019-03-26T12:21:09Z">
          <reporter-output>
          </reporter-output>
        </test-method> <!-- setUp -->
        <test-method status="PASS" signature="Test01_checkSum()[pri:0, instance:appium.Calculator@4678c730]" name="Test01_checkSum" duration-ms="3509" started-at="2019-03-26T12:21:09Z" finished-at="2019-03-26T12:21:12Z">
          <reporter-output>
          </reporter-output>
        </test-method> <!-- Test01_checkSum -->
        <test-method status="PASS" signature="Test02_checkHistoryTabIsPresent()[pri:0, instance:appium.Calculator@4678c730]" name="Test02_checkHistoryTabIsPresent" duration-ms="59" started-at="2019-03-26T12:21:12Z" finished-at="2019-03-26T12:21:12Z">
          <reporter-output>
          </reporter-output>
        </test-method> <!-- Test02_checkHistoryTabIsPresent -->
        <test-method status="PASS" signature="Test03_checkCButtonClearsInput()[pri:0, instance:appium.Calculator@4678c730]" name="Test03_checkCButtonClearsInput" duration-ms="3285" started-at="2019-03-26T12:21:12Z" finished-at="2019-03-26T12:21:16Z">
          <reporter-output>
          </reporter-output>
        </test-method> <!-- Test03_checkCButtonClearsInput -->
        <test-method status="PASS" signature="teardown()[pri:0, instance:appium.Calculator@4678c730]" name="teardown" is-config="true" duration-ms="1632" started-at="2019-03-26T12:21:16Z" finished-at="2019-03-26T12:21:17Z">
          <reporter-output>
          </reporter-output>
        </test-method> <!-- teardown -->
      </class> <!-- appium.Calculator -->
    </test> <!-- Default test -->
  </suite> <!-- Default suite -->
</testng-results>
